Determining if the pthread_create exist failed with the following output:
Change Dir: /home/stephen/finalProject/build/CMakeFiles/CMakeTmp

Run Build Command:"/usr/bin/make" "cmTC_bae46/fast"
/usr/bin/make -f CMakeFiles/cmTC_bae46.dir/build.make CMakeFiles/cmTC_bae46.dir/build
make[1]: Entering directory '/home/stephen/finalProject/build/CMakeFiles/CMakeTmp'
Building C object CMakeFiles/cmTC_bae46.dir/CheckSymbolExists.c.o
/usr/bin/cc     -o CMakeFiles/cmTC_bae46.dir/CheckSymbolExists.c.o   -c /home/stephen/finalProject/build/CMakeFiles/CMakeTmp/CheckSymbolExists.c
Linking C executable cmTC_bae46
/usr/bin/cmake -E cmake_link_script CMakeFiles/cmTC_bae46.dir/link.txt --verbose=1
/usr/bin/cc       CMakeFiles/cmTC_bae46.dir/CheckSymbolExists.c.o  -o cmTC_bae46 -rdynamic 
CMakeFiles/cmTC_bae46.dir/CheckSymbolExists.c.o: In function `main':
CheckSymbolExists.c:(.text+0x16): undefined reference to `pthread_create'
collect2: error: ld returned 1 exit status
CMakeFiles/cmTC_bae46.dir/build.make:97: recipe for target 'cmTC_bae46' failed
make[1]: *** [cmTC_bae46] Error 1
make[1]: Leaving directory '/home/stephen/finalProject/build/CMakeFiles/CMakeTmp'
Makefile:126: recipe for target 'cmTC_bae46/fast' failed
make: *** [cmTC_bae46/fast] Error 2

File /home/stephen/finalProject/build/CMakeFiles/CMakeTmp/CheckSymbolExists.c:
/* */
#include <pthread.h>

int main(int argc, char** argv)
{
  (void)argv;
#ifndef pthread_create
  return ((int*)(&pthread_create))[argc];
#else
  (void)argc;
  return 0;
#endif
}

Determining if the function pthread_create exists in the pthreads failed with the following output:
Change Dir: /home/stephen/finalProject/build/CMakeFiles/CMakeTmp

Run Build Command:"/usr/bin/make" "cmTC_e0c4d/fast"
/usr/bin/make -f CMakeFiles/cmTC_e0c4d.dir/build.make CMakeFiles/cmTC_e0c4d.dir/build
make[1]: Entering directory '/home/stephen/finalProject/build/CMakeFiles/CMakeTmp'
Building C object CMakeFiles/cmTC_e0c4d.dir/CheckFunctionExists.c.o
/usr/bin/cc    -DCHECK_FUNCTION_EXISTS=pthread_create   -o CMakeFiles/cmTC_e0c4d.dir/CheckFunctionExists.c.o   -c /usr/share/cmake-3.5/Modules/CheckFunctionExists.c
Linking C executable cmTC_e0c4d
/usr/bin/cmake -E cmake_link_script CMakeFiles/cmTC_e0c4d.dir/link.txt --verbose=1
/usr/bin/cc   -DCHECK_FUNCTION_EXISTS=pthread_create    CMakeFiles/cmTC_e0c4d.dir/CheckFunctionExists.c.o  -o cmTC_e0c4d -rdynamic -lpthreads 
/usr/bin/ld: cannot find -lpthreads
collect2: error: ld returned 1 exit status
CMakeFiles/cmTC_e0c4d.dir/build.make:97: recipe for target 'cmTC_e0c4d' failed
make[1]: *** [cmTC_e0c4d] Error 1
make[1]: Leaving directory '/home/stephen/finalProject/build/CMakeFiles/CMakeTmp'
Makefile:126: recipe for target 'cmTC_e0c4d/fast' failed
make: *** [cmTC_e0c4d/fast] Error 2


Determining if the Q_WS_WIN exist failed with the following output:
Change Dir: /home/stephen/finalProject/build/CMakeFiles/CMakeTmp

Run Build Command:"/usr/bin/make" "cmTC_82277/fast"
/usr/bin/make -f CMakeFiles/cmTC_82277.dir/build.make CMakeFiles/cmTC_82277.dir/build
make[1]: Entering directory '/home/stephen/finalProject/build/CMakeFiles/CMakeTmp'
Building CXX object CMakeFiles/cmTC_82277.dir/CheckSymbolExists.cxx.o
/usr/bin/c++    -I/usr/include/qt4   -o CMakeFiles/cmTC_82277.dir/CheckSymbolExists.cxx.o -c /home/stephen/finalProject/build/CMakeFiles/CMakeTmp/CheckSymbolExists.cxx
/home/stephen/finalProject/build/CMakeFiles/CMakeTmp/CheckSymbolExists.cxx: In function ‘int main(int, char**)’:
/home/stephen/finalProject/build/CMakeFiles/CMakeTmp/CheckSymbolExists.cxx:8:19: error: ‘Q_WS_WIN’ was not declared in this scope
   return ((int*)(&Q_WS_WIN))[argc];
                   ^
CMakeFiles/cmTC_82277.dir/build.make:65: recipe for target 'CMakeFiles/cmTC_82277.dir/CheckSymbolExists.cxx.o' failed
make[1]: *** [CMakeFiles/cmTC_82277.dir/CheckSymbolExists.cxx.o] Error 1
make[1]: Leaving directory '/home/stephen/finalProject/build/CMakeFiles/CMakeTmp'
Makefile:126: recipe for target 'cmTC_82277/fast' failed
make: *** [cmTC_82277/fast] Error 2

File /home/stephen/finalProject/build/CMakeFiles/CMakeTmp/CheckSymbolExists.cxx:
/* */
#include <QtCore/qglobal.h>

int main(int argc, char** argv)
{
  (void)argv;
#ifndef Q_WS_WIN
  return ((int*)(&Q_WS_WIN))[argc];
#else
  (void)argc;
  return 0;
#endif
}

Determining if the Q_WS_QWS exist failed with the following output:
Change Dir: /home/stephen/finalProject/build/CMakeFiles/CMakeTmp

Run Build Command:"/usr/bin/make" "cmTC_37f42/fast"
/usr/bin/make -f CMakeFiles/cmTC_37f42.dir/build.make CMakeFiles/cmTC_37f42.dir/build
make[1]: Entering directory '/home/stephen/finalProject/build/CMakeFiles/CMakeTmp'
Building CXX object CMakeFiles/cmTC_37f42.dir/CheckSymbolExists.cxx.o
/usr/bin/c++    -I/usr/include/qt4   -o CMakeFiles/cmTC_37f42.dir/CheckSymbolExists.cxx.o -c /home/stephen/finalProject/build/CMakeFiles/CMakeTmp/CheckSymbolExists.cxx
/home/stephen/finalProject/build/CMakeFiles/CMakeTmp/CheckSymbolExists.cxx: In function ‘int main(int, char**)’:
/home/stephen/finalProject/build/CMakeFiles/CMakeTmp/CheckSymbolExists.cxx:8:19: error: ‘Q_WS_QWS’ was not declared in this scope
   return ((int*)(&Q_WS_QWS))[argc];
                   ^
CMakeFiles/cmTC_37f42.dir/build.make:65: recipe for target 'CMakeFiles/cmTC_37f42.dir/CheckSymbolExists.cxx.o' failed
make[1]: *** [CMakeFiles/cmTC_37f42.dir/CheckSymbolExists.cxx.o] Error 1
make[1]: Leaving directory '/home/stephen/finalProject/build/CMakeFiles/CMakeTmp'
Makefile:126: recipe for target 'cmTC_37f42/fast' failed
make: *** [cmTC_37f42/fast] Error 2

File /home/stephen/finalProject/build/CMakeFiles/CMakeTmp/CheckSymbolExists.cxx:
/* */
#include <QtCore/qglobal.h>

int main(int argc, char** argv)
{
  (void)argv;
#ifndef Q_WS_QWS
  return ((int*)(&Q_WS_QWS))[argc];
#else
  (void)argc;
  return 0;
#endif
}

Determining if the Q_WS_MAC exist failed with the following output:
Change Dir: /home/stephen/finalProject/build/CMakeFiles/CMakeTmp

Run Build Command:"/usr/bin/make" "cmTC_8bef5/fast"
/usr/bin/make -f CMakeFiles/cmTC_8bef5.dir/build.make CMakeFiles/cmTC_8bef5.dir/build
make[1]: Entering directory '/home/stephen/finalProject/build/CMakeFiles/CMakeTmp'
Building CXX object CMakeFiles/cmTC_8bef5.dir/CheckSymbolExists.cxx.o
/usr/bin/c++    -I/usr/include/qt4   -o CMakeFiles/cmTC_8bef5.dir/CheckSymbolExists.cxx.o -c /home/stephen/finalProject/build/CMakeFiles/CMakeTmp/CheckSymbolExists.cxx
/home/stephen/finalProject/build/CMakeFiles/CMakeTmp/CheckSymbolExists.cxx: In function ‘int main(int, char**)’:
/home/stephen/finalProject/build/CMakeFiles/CMakeTmp/CheckSymbolExists.cxx:8:19: error: ‘Q_WS_MAC’ was not declared in this scope
   return ((int*)(&Q_WS_MAC))[argc];
                   ^
CMakeFiles/cmTC_8bef5.dir/build.make:65: recipe for target 'CMakeFiles/cmTC_8bef5.dir/CheckSymbolExists.cxx.o' failed
make[1]: *** [CMakeFiles/cmTC_8bef5.dir/CheckSymbolExists.cxx.o] Error 1
make[1]: Leaving directory '/home/stephen/finalProject/build/CMakeFiles/CMakeTmp'
Makefile:126: recipe for target 'cmTC_8bef5/fast' failed
make: *** [cmTC_8bef5/fast] Error 2

File /home/stephen/finalProject/build/CMakeFiles/CMakeTmp/CheckSymbolExists.cxx:
/* */
#include <QtCore/qglobal.h>

int main(int argc, char** argv)
{
  (void)argv;
#ifndef Q_WS_MAC
  return ((int*)(&Q_WS_MAC))[argc];
#else
  (void)argc;
  return 0;
#endif
}

Determining if the include file pgm.h exists failed with the following output:
Change Dir: /home/stephen/finalProject/build/CMakeFiles/CMakeTmp

Run Build Command:"/usr/bin/make" "cmTC_e6fbf/fast"
/usr/bin/make -f CMakeFiles/cmTC_e6fbf.dir/build.make CMakeFiles/cmTC_e6fbf.dir/build
make[1]: Entering directory '/home/stephen/finalProject/build/CMakeFiles/CMakeTmp'
Building CXX object CMakeFiles/cmTC_e6fbf.dir/CheckIncludeFile.cxx.o
/usr/bin/c++      -o CMakeFiles/cmTC_e6fbf.dir/CheckIncludeFile.cxx.o -c /home/stephen/finalProject/build/CMakeFiles/CMakeTmp/CheckIncludeFile.cxx
/home/stephen/finalProject/build/CMakeFiles/CMakeTmp/CheckIncludeFile.cxx:1:17: fatal error: pgm.h: No such file or directory
compilation terminated.
CMakeFiles/cmTC_e6fbf.dir/build.make:65: recipe for target 'CMakeFiles/cmTC_e6fbf.dir/CheckIncludeFile.cxx.o' failed
make[1]: *** [CMakeFiles/cmTC_e6fbf.dir/CheckIncludeFile.cxx.o] Error 1
make[1]: Leaving directory '/home/stephen/finalProject/build/CMakeFiles/CMakeTmp'
Makefile:126: recipe for target 'cmTC_e6fbf/fast' failed
make: *** [cmTC_e6fbf/fast] Error 2


